2019/07/05 23:31:35 [error] [exception.CHttpException.400] CHttpException: Su solicitud es inválida. in C:\xampp\htdocs\primeraimpresion\framework\web\CController.php:336
Stack trace:
#0 C:\xampp\htdocs\primeraimpresion\framework\web\CController.php(309): CController->invalidActionParams(Object(CInlineAction))
#1 C:\xampp\htdocs\primeraimpresion\framework\web\CController.php(286): CController->runAction(Object(CInlineAction))
#2 C:\xampp\htdocs\primeraimpresion\framework\web\CController.php(265): CController->runActionWithFilters(Object(CInlineAction), Array)
#3 C:\xampp\htdocs\primeraimpresion\framework\web\CWebApplication.php(282): CController->run('history')
#4 C:\xampp\htdocs\primeraimpresion\framework\web\CWebApplication.php(141): CWebApplication->runController('site/history')
#5 C:\xampp\htdocs\primeraimpresion\framework\base\CApplication.php(185): CWebApplication->processRequest()
#6 C:\xampp\htdocs\primeraimpresion\console\index.php(13): CApplication->run()
#7 {main}
REQUEST_URI=/primeraimpresion/console/index.php?r=site/history
HTTP_REFERER=http://localhost/primeraimpresion/blog.php
---
2019/07/05 23:37:36 [error] [exception.CHttpException.404] CHttpException: The requested page does not exist. in C:\xampp\htdocs\primeraimpresion\console\protected\controllers\SiteController.php:47
Stack trace:
#0 C:\xampp\htdocs\primeraimpresion\console\protected\controllers\SiteController.php(38): SiteController->loadModel('5')
#1 [internal function]: SiteController->actionhistory('5')
#2 C:\xampp\htdocs\primeraimpresion\framework\web\actions\CAction.php(109): ReflectionMethod->invokeArgs(Object(SiteController), Array)
#3 C:\xampp\htdocs\primeraimpresion\framework\web\actions\CInlineAction.php(47): CAction->runWithParamsInternal(Object(SiteController), Object(ReflectionMethod), Array)
#4 C:\xampp\htdocs\primeraimpresion\framework\web\CController.php(308): CInlineAction->runWithParams(Array)
#5 C:\xampp\htdocs\primeraimpresion\framework\web\CController.php(286): CController->runAction(Object(CInlineAction))
#6 C:\xampp\htdocs\primeraimpresion\framework\web\CController.php(265): CController->runActionWithFilters(Object(CInlineAction), Array)
#7 C:\xampp\htdocs\primeraimpresion\framework\web\CWebApplication.php(282): CController->run('history')
#8 C:\xampp\htdocs\primeraimpresion\framework\web\CWebApplication.php(141): CWebApplication->runController('site/history')
#9 C:\xampp\htdocs\primeraimpresion\framework\base\CApplication.php(185): CWebApplication->processRequest()
#10 C:\xampp\htdocs\primeraimpresion\console\index.php(13): CApplication->run()
#11 {main}
REQUEST_URI=/primeraimpresion/console/index.php?r=site/history&id=5
---
2019/07/05 23:37:46 [error] [exception.CHttpException.404] CHttpException: The requested page does not exist. in C:\xampp\htdocs\primeraimpresion\console\protected\controllers\SiteController.php:47
Stack trace:
#0 C:\xampp\htdocs\primeraimpresion\console\protected\controllers\SiteController.php(38): SiteController->loadModel('2')
#1 [internal function]: SiteController->actionhistory('2')
#2 C:\xampp\htdocs\primeraimpresion\framework\web\actions\CAction.php(109): ReflectionMethod->invokeArgs(Object(SiteController), Array)
#3 C:\xampp\htdocs\primeraimpresion\framework\web\actions\CInlineAction.php(47): CAction->runWithParamsInternal(Object(SiteController), Object(ReflectionMethod), Array)
#4 C:\xampp\htdocs\primeraimpresion\framework\web\CController.php(308): CInlineAction->runWithParams(Array)
#5 C:\xampp\htdocs\primeraimpresion\framework\web\CController.php(286): CController->runAction(Object(CInlineAction))
#6 C:\xampp\htdocs\primeraimpresion\framework\web\CController.php(265): CController->runActionWithFilters(Object(CInlineAction), Array)
#7 C:\xampp\htdocs\primeraimpresion\framework\web\CWebApplication.php(282): CController->run('history')
#8 C:\xampp\htdocs\primeraimpresion\framework\web\CWebApplication.php(141): CWebApplication->runController('site/history')
#9 C:\xampp\htdocs\primeraimpresion\framework\base\CApplication.php(185): CWebApplication->processRequest()
#10 C:\xampp\htdocs\primeraimpresion\console\index.php(13): CApplication->run()
#11 {main}
REQUEST_URI=/primeraimpresion/console/index.php?r=site/history&id=2
---
2019/07/06 00:48:16 [error] [exception.CHttpException.400] CHttpException: Su solicitud es inválida. in C:\xampp\htdocs\primeraimpresion\framework\web\CController.php:336
Stack trace:
#0 C:\xampp\htdocs\primeraimpresion\framework\web\CController.php(309): CController->invalidActionParams(Object(CInlineAction))
#1 C:\xampp\htdocs\primeraimpresion\framework\web\CController.php(286): CController->runAction(Object(CInlineAction))
#2 C:\xampp\htdocs\primeraimpresion\framework\web\CController.php(265): CController->runActionWithFilters(Object(CInlineAction), Array)
#3 C:\xampp\htdocs\primeraimpresion\framework\web\CWebApplication.php(282): CController->run('history')
#4 C:\xampp\htdocs\primeraimpresion\framework\web\CWebApplication.php(141): CWebApplication->runController('site/history')
#5 C:\xampp\htdocs\primeraimpresion\framework\base\CApplication.php(185): CWebApplication->processRequest()
#6 C:\xampp\htdocs\primeraimpresion\console\index.php(13): CApplication->run()
#7 {main}
REQUEST_URI=/primeraimpresion/console/index.php?r=site/history
HTTP_REFERER=http://localhost/primeraimpresion/blog.php
---
2019/07/06 22:06:12 [error] [exception.CHttpException.400] CHttpException: Su solicitud es inválida. in C:\xampp\htdocs\primeraimpresion\framework\web\CController.php:336
Stack trace:
#0 C:\xampp\htdocs\primeraimpresion\framework\web\CController.php(309): CController->invalidActionParams(Object(CInlineAction))
#1 C:\xampp\htdocs\primeraimpresion\framework\web\CController.php(286): CController->runAction(Object(CInlineAction))
#2 C:\xampp\htdocs\primeraimpresion\framework\web\CController.php(265): CController->runActionWithFilters(Object(CInlineAction), Array)
#3 C:\xampp\htdocs\primeraimpresion\framework\web\CWebApplication.php(282): CController->run('history')
#4 C:\xampp\htdocs\primeraimpresion\framework\web\CWebApplication.php(141): CWebApplication->runController('site/history')
#5 C:\xampp\htdocs\primeraimpresion\framework\base\CApplication.php(185): CWebApplication->processRequest()
#6 C:\xampp\htdocs\primeraimpresion\console\index.php(13): CApplication->run()
#7 {main}
REQUEST_URI=/primeraimpresion/console/index.php?r=site/history
HTTP_REFERER=http://localhost/primeraimpresion/blog.php
---
2019/07/05 23:32:08 [error] [exception.CHttpException.404] CHttpException: No es posible resolver la solicitud "history" in C:\xampp\htdocs\nuevospro\primeraimpresion\framework\web\CWebApplication.php:286
Stack trace:
#0 C:\xampp\htdocs\nuevospro\primeraimpresion\framework\web\CWebApplication.php(141): CWebApplication->runController('history')
#1 C:\xampp\htdocs\nuevospro\primeraimpresion\framework\base\CApplication.php(185): CWebApplication->processRequest()
#2 C:\xampp\htdocs\nuevospro\primeraimpresion\console\index.php(13): CApplication->run()
#3 {main}
REQUEST_URI=/nuevospro/primeraimpresion/console/index.php?r=history
---
2019/07/05 23:32:56 [error] [exception.CHttpException.404] CHttpException: El sistema no ha podido encontrar la acción "admin" solicitada. in C:\xampp\htdocs\nuevospro\primeraimpresion\framework\web\CController.php:483
Stack trace:
#0 C:\xampp\htdocs\nuevospro\primeraimpresion\framework\web\CController.php(270): CController->missingAction('admin')
#1 C:\xampp\htdocs\nuevospro\primeraimpresion\framework\web\CWebApplication.php(282): CController->run('admin')
#2 C:\xampp\htdocs\nuevospro\primeraimpresion\framework\web\CWebApplication.php(141): CWebApplication->runController('site/admin')
#3 C:\xampp\htdocs\nuevospro\primeraimpresion\framework\base\CApplication.php(185): CWebApplication->processRequest()
#4 C:\xampp\htdocs\nuevospro\primeraimpresion\console\index.php(13): CApplication->run()
#5 {main}
REQUEST_URI=/nuevospro/primeraimpresion/console/index.php?r=site/admin
---
2019/07/05 23:33:06 [error] [exception.CHttpException.400] CHttpException: Su solicitud es inválida. in C:\xampp\htdocs\nuevospro\primeraimpresion\framework\web\CController.php:336
Stack trace:
#0 C:\xampp\htdocs\nuevospro\primeraimpresion\framework\web\CController.php(309): CController->invalidActionParams(Object(CInlineAction))
#1 C:\xampp\htdocs\nuevospro\primeraimpresion\framework\web\CController.php(286): CController->runAction(Object(CInlineAction))
#2 C:\xampp\htdocs\nuevospro\primeraimpresion\framework\web\CController.php(265): CController->runActionWithFilters(Object(CInlineAction), Array)
#3 C:\xampp\htdocs\nuevospro\primeraimpresion\framework\web\CWebApplication.php(282): CController->run('history')
#4 C:\xampp\htdocs\nuevospro\primeraimpresion\framework\web\CWebApplication.php(141): CWebApplication->runController('site/history')
#5 C:\xampp\htdocs\nuevospro\primeraimpresion\framework\base\CApplication.php(185): CWebApplication->processRequest()
#6 C:\xampp\htdocs\nuevospro\primeraimpresion\console\index.php(13): CApplication->run()
#7 {main}
REQUEST_URI=/nuevospro/primeraimpresion/console/index.php?r=site/history
---
2019/07/05 23:34:30 [error] [exception.CHttpException.400] CHttpException: Su solicitud es inválida. in C:\xampp\htdocs\nuevospro\primeraimpresion\framework\web\CController.php:336
Stack trace:
#0 C:\xampp\htdocs\nuevospro\primeraimpresion\framework\web\CController.php(309): CController->invalidActionParams(Object(CInlineAction))
#1 C:\xampp\htdocs\nuevospro\primeraimpresion\framework\web\CController.php(286): CController->runAction(Object(CInlineAction))
#2 C:\xampp\htdocs\nuevospro\primeraimpresion\framework\web\CController.php(265): CController->runActionWithFilters(Object(CInlineAction), Array)
#3 C:\xampp\htdocs\nuevospro\primeraimpresion\framework\web\CWebApplication.php(282): CController->run('history')
#4 C:\xampp\htdocs\nuevospro\primeraimpresion\framework\web\CWebApplication.php(141): CWebApplication->runController('site/history')
#5 C:\xampp\htdocs\nuevospro\primeraimpresion\framework\base\CApplication.php(185): CWebApplication->processRequest()
#6 C:\xampp\htdocs\nuevospro\primeraimpresion\console\index.php(13): CApplication->run()
#7 {main}
REQUEST_URI=/nuevospro/primeraimpresion/console/index.php?r=site/history
---
2019/07/05 23:34:32 [error] [exception.CHttpException.404] CHttpException: El sistema no ha podido encontrar la acción "admin" solicitada. in C:\xampp\htdocs\nuevospro\primeraimpresion\framework\web\CController.php:483
Stack trace:
#0 C:\xampp\htdocs\nuevospro\primeraimpresion\framework\web\CController.php(270): CController->missingAction('admin')
#1 C:\xampp\htdocs\nuevospro\primeraimpresion\framework\web\CWebApplication.php(282): CController->run('admin')
#2 C:\xampp\htdocs\nuevospro\primeraimpresion\framework\web\CWebApplication.php(141): CWebApplication->runController('site/admin')
#3 C:\xampp\htdocs\nuevospro\primeraimpresion\framework\base\CApplication.php(185): CWebApplication->processRequest()
#4 C:\xampp\htdocs\nuevospro\primeraimpresion\console\index.php(13): CApplication->run()
#5 {main}
REQUEST_URI=/nuevospro/primeraimpresion/console/index.php?r=site/admin
---
2019/07/06 16:29:36 [error] [exception.CHttpException.400] CHttpException: Su solicitud es inválida. in C:\xampp\htdocs\nuevospro\primeraimpresion\framework\web\CController.php:336
Stack trace:
#0 C:\xampp\htdocs\nuevospro\primeraimpresion\framework\web\CController.php(309): CController->invalidActionParams(Object(CInlineAction))
#1 C:\xampp\htdocs\nuevospro\primeraimpresion\framework\web\CController.php(286): CController->runAction(Object(CInlineAction))
#2 C:\xampp\htdocs\nuevospro\primeraimpresion\framework\web\CController.php(265): CController->runActionWithFilters(Object(CInlineAction), Array)
#3 C:\xampp\htdocs\nuevospro\primeraimpresion\framework\web\CWebApplication.php(282): CController->run('history')
#4 C:\xampp\htdocs\nuevospro\primeraimpresion\framework\web\CWebApplication.php(141): CWebApplication->runController('site/history')
#5 C:\xampp\htdocs\nuevospro\primeraimpresion\framework\base\CApplication.php(185): CWebApplication->processRequest()
#6 C:\xampp\htdocs\nuevospro\primeraimpresion\console\index.php(13): CApplication->run()
#7 {main}
REQUEST_URI=/nuevospro/primeraimpresion/console/index.php?r=site/history
---
2019/07/06 22:49:57 [error] [exception.CHttpException.400] CHttpException: Su solicitud es inválida. in C:\xampp\htdocs\primeraimpresion\framework\web\CController.php:336
Stack trace:
#0 C:\xampp\htdocs\primeraimpresion\framework\web\CController.php(309): CController->invalidActionParams(Object(CInlineAction))
#1 C:\xampp\htdocs\primeraimpresion\framework\web\CController.php(286): CController->runAction(Object(CInlineAction))
#2 C:\xampp\htdocs\primeraimpresion\framework\web\CController.php(265): CController->runActionWithFilters(Object(CInlineAction), Array)
#3 C:\xampp\htdocs\primeraimpresion\framework\web\CWebApplication.php(282): CController->run('history')
#4 C:\xampp\htdocs\primeraimpresion\framework\web\CWebApplication.php(141): CWebApplication->runController('site/history')
#5 C:\xampp\htdocs\primeraimpresion\framework\base\CApplication.php(185): CWebApplication->processRequest()
#6 C:\xampp\htdocs\primeraimpresion\console\index.php(13): CApplication->run()
#7 {main}
REQUEST_URI=/primeraimpresion/console/index.php?r=site/history
HTTP_REFERER=http://localhost/primeraimpresion/blog.php
---
2019/07/06 22:50:01 [error] [exception.CHttpException.400] CHttpException: Su solicitud es inválida. in C:\xampp\htdocs\primeraimpresion\framework\web\CController.php:336
Stack trace:
#0 C:\xampp\htdocs\primeraimpresion\framework\web\CController.php(309): CController->invalidActionParams(Object(CInlineAction))
#1 C:\xampp\htdocs\primeraimpresion\framework\web\CController.php(286): CController->runAction(Object(CInlineAction))
#2 C:\xampp\htdocs\primeraimpresion\framework\web\CController.php(265): CController->runActionWithFilters(Object(CInlineAction), Array)
#3 C:\xampp\htdocs\primeraimpresion\framework\web\CWebApplication.php(282): CController->run('history')
#4 C:\xampp\htdocs\primeraimpresion\framework\web\CWebApplication.php(141): CWebApplication->runController('site/history')
#5 C:\xampp\htdocs\primeraimpresion\framework\base\CApplication.php(185): CWebApplication->processRequest()
#6 C:\xampp\htdocs\primeraimpresion\console\index.php(13): CApplication->run()
#7 {main}
REQUEST_URI=/primeraimpresion/console/index.php?r=site/history
HTTP_REFERER=http://localhost/primeraimpresion/blog.php
---
2019/07/08 16:56:45 [error] [exception.CHttpException.400] CHttpException: Su solicitud es inválida. in C:\xampp\htdocs\primeraimpresion\framework\web\CController.php:336
Stack trace:
#0 C:\xampp\htdocs\primeraimpresion\framework\web\CController.php(309): CController->invalidActionParams(Object(CInlineAction))
#1 C:\xampp\htdocs\primeraimpresion\framework\web\CController.php(286): CController->runAction(Object(CInlineAction))
#2 C:\xampp\htdocs\primeraimpresion\framework\web\CController.php(265): CController->runActionWithFilters(Object(CInlineAction), Array)
#3 C:\xampp\htdocs\primeraimpresion\framework\web\CWebApplication.php(282): CController->run('history')
#4 C:\xampp\htdocs\primeraimpresion\framework\web\CWebApplication.php(141): CWebApplication->runController('site/history')
#5 C:\xampp\htdocs\primeraimpresion\framework\base\CApplication.php(185): CWebApplication->processRequest()
#6 C:\xampp\htdocs\primeraimpresion\console\index.php(13): CApplication->run()
#7 {main}
REQUEST_URI=/primeraimpresion/console/index.php?r=site/history
HTTP_REFERER=http://localhost/primeraimpresion/blog.php
---
2019/07/08 20:05:24 [error] [php] Undefined variable: title (C:\xampp\htdocs\nuevospro\primeraimpresion\blog\themes\admin\views\site\index.php:67)
Stack trace:
#0 C:\xampp\htdocs\nuevospro\primeraimpresion\framework\web\CController.php(869): SiteController->renderFile()
#1 C:\xampp\htdocs\nuevospro\primeraimpresion\framework\web\CController.php(782): SiteController->renderPartial()
#2 C:\xampp\htdocs\nuevospro\primeraimpresion\blog\protected\controllers\SiteController.php(32): SiteController->render()
#3 C:\xampp\htdocs\nuevospro\primeraimpresion\framework\web\actions\CInlineAction.php(49): SiteController->actionIndex()
#4 C:\xampp\htdocs\nuevospro\primeraimpresion\framework\web\CController.php(308): CInlineAction->runWithParams()
#5 C:\xampp\htdocs\nuevospro\primeraimpresion\framework\web\CController.php(286): SiteController->runAction()
#6 C:\xampp\htdocs\nuevospro\primeraimpresion\framework\web\CController.php(265): SiteController->runActionWithFilters()
#7 C:\xampp\htdocs\nuevospro\primeraimpresion\framework\web\CWebApplication.php(282): SiteController->run()
#8 C:\xampp\htdocs\nuevospro\primeraimpresion\framework\web\CWebApplication.php(141): CWebApplication->runController()
#9 C:\xampp\htdocs\nuevospro\primeraimpresion\framework\base\CApplication.php(185): CWebApplication->processRequest()
#10 C:\xampp\htdocs\nuevospro\primeraimpresion\blog\index.php(13): CWebApplication->run()
REQUEST_URI=/nuevospro/primeraimpresion/blog/index.php?r=site/index
2019/07/08 20:05:52 [error] [php] Undefined variable: descrip (C:\xampp\htdocs\nuevospro\primeraimpresion\blog\themes\admin\views\site\index.php:68)
Stack trace:
#0 C:\xampp\htdocs\nuevospro\primeraimpresion\framework\web\CController.php(869): SiteController->renderFile()
#1 C:\xampp\htdocs\nuevospro\primeraimpresion\framework\web\CController.php(782): SiteController->renderPartial()
#2 C:\xampp\htdocs\nuevospro\primeraimpresion\blog\protected\controllers\SiteController.php(32): SiteController->render()
#3 C:\xampp\htdocs\nuevospro\primeraimpresion\framework\web\actions\CInlineAction.php(49): SiteController->actionIndex()
#4 C:\xampp\htdocs\nuevospro\primeraimpresion\framework\web\CController.php(308): CInlineAction->runWithParams()
#5 C:\xampp\htdocs\nuevospro\primeraimpresion\framework\web\CController.php(286): SiteController->runAction()
#6 C:\xampp\htdocs\nuevospro\primeraimpresion\framework\web\CController.php(265): SiteController->runActionWithFilters()
#7 C:\xampp\htdocs\nuevospro\primeraimpresion\framework\web\CWebApplication.php(282): SiteController->run()
#8 C:\xampp\htdocs\nuevospro\primeraimpresion\framework\web\CWebApplication.php(141): CWebApplication->runController()
#9 C:\xampp\htdocs\nuevospro\primeraimpresion\framework\base\CApplication.php(185): CWebApplication->processRequest()
#10 C:\xampp\htdocs\nuevospro\primeraimpresion\blog\index.php(13): CWebApplication->run()
REQUEST_URI=/nuevospro/primeraimpresion/blog/index.php?r=site/index
