2019/07/05 23:31:35 [error] [exception.CHttpException.400] CHttpException: Su solicitud es inválida. in C:\xampp\htdocs\primeraimpresion\framework\web\CController.php:336
Stack trace:
#0 C:\xampp\htdocs\primeraimpresion\framework\web\CController.php(309): CController->invalidActionParams(Object(CInlineAction))
#1 C:\xampp\htdocs\primeraimpresion\framework\web\CController.php(286): CController->runAction(Object(CInlineAction))
#2 C:\xampp\htdocs\primeraimpresion\framework\web\CController.php(265): CController->runActionWithFilters(Object(CInlineAction), Array)
#3 C:\xampp\htdocs\primeraimpresion\framework\web\CWebApplication.php(282): CController->run('history')
#4 C:\xampp\htdocs\primeraimpresion\framework\web\CWebApplication.php(141): CWebApplication->runController('site/history')
#5 C:\xampp\htdocs\primeraimpresion\framework\base\CApplication.php(185): CWebApplication->processRequest()
#6 C:\xampp\htdocs\primeraimpresion\console\index.php(13): CApplication->run()
#7 {main}
REQUEST_URI=/primeraimpresion/console/index.php?r=site/history
HTTP_REFERER=http://localhost/primeraimpresion/blog.php
---
2019/07/05 23:37:36 [error] [exception.CHttpException.404] CHttpException: The requested page does not exist. in C:\xampp\htdocs\primeraimpresion\console\protected\controllers\SiteController.php:47
Stack trace:
#0 C:\xampp\htdocs\primeraimpresion\console\protected\controllers\SiteController.php(38): SiteController->loadModel('5')
#1 [internal function]: SiteController->actionhistory('5')
#2 C:\xampp\htdocs\primeraimpresion\framework\web\actions\CAction.php(109): ReflectionMethod->invokeArgs(Object(SiteController), Array)
#3 C:\xampp\htdocs\primeraimpresion\framework\web\actions\CInlineAction.php(47): CAction->runWithParamsInternal(Object(SiteController), Object(ReflectionMethod), Array)
#4 C:\xampp\htdocs\primeraimpresion\framework\web\CController.php(308): CInlineAction->runWithParams(Array)
#5 C:\xampp\htdocs\primeraimpresion\framework\web\CController.php(286): CController->runAction(Object(CInlineAction))
#6 C:\xampp\htdocs\primeraimpresion\framework\web\CController.php(265): CController->runActionWithFilters(Object(CInlineAction), Array)
#7 C:\xampp\htdocs\primeraimpresion\framework\web\CWebApplication.php(282): CController->run('history')
#8 C:\xampp\htdocs\primeraimpresion\framework\web\CWebApplication.php(141): CWebApplication->runController('site/history')
#9 C:\xampp\htdocs\primeraimpresion\framework\base\CApplication.php(185): CWebApplication->processRequest()
#10 C:\xampp\htdocs\primeraimpresion\console\index.php(13): CApplication->run()
#11 {main}
REQUEST_URI=/primeraimpresion/console/index.php?r=site/history&id=5
---
2019/07/05 23:37:46 [error] [exception.CHttpException.404] CHttpException: The requested page does not exist. in C:\xampp\htdocs\primeraimpresion\console\protected\controllers\SiteController.php:47
Stack trace:
#0 C:\xampp\htdocs\primeraimpresion\console\protected\controllers\SiteController.php(38): SiteController->loadModel('2')
#1 [internal function]: SiteController->actionhistory('2')
#2 C:\xampp\htdocs\primeraimpresion\framework\web\actions\CAction.php(109): ReflectionMethod->invokeArgs(Object(SiteController), Array)
#3 C:\xampp\htdocs\primeraimpresion\framework\web\actions\CInlineAction.php(47): CAction->runWithParamsInternal(Object(SiteController), Object(ReflectionMethod), Array)
#4 C:\xampp\htdocs\primeraimpresion\framework\web\CController.php(308): CInlineAction->runWithParams(Array)
#5 C:\xampp\htdocs\primeraimpresion\framework\web\CController.php(286): CController->runAction(Object(CInlineAction))
#6 C:\xampp\htdocs\primeraimpresion\framework\web\CController.php(265): CController->runActionWithFilters(Object(CInlineAction), Array)
#7 C:\xampp\htdocs\primeraimpresion\framework\web\CWebApplication.php(282): CController->run('history')
#8 C:\xampp\htdocs\primeraimpresion\framework\web\CWebApplication.php(141): CWebApplication->runController('site/history')
#9 C:\xampp\htdocs\primeraimpresion\framework\base\CApplication.php(185): CWebApplication->processRequest()
#10 C:\xampp\htdocs\primeraimpresion\console\index.php(13): CApplication->run()
#11 {main}
REQUEST_URI=/primeraimpresion/console/index.php?r=site/history&id=2
---
2019/07/06 00:48:16 [error] [exception.CHttpException.400] CHttpException: Su solicitud es inválida. in C:\xampp\htdocs\primeraimpresion\framework\web\CController.php:336
Stack trace:
#0 C:\xampp\htdocs\primeraimpresion\framework\web\CController.php(309): CController->invalidActionParams(Object(CInlineAction))
#1 C:\xampp\htdocs\primeraimpresion\framework\web\CController.php(286): CController->runAction(Object(CInlineAction))
#2 C:\xampp\htdocs\primeraimpresion\framework\web\CController.php(265): CController->runActionWithFilters(Object(CInlineAction), Array)
#3 C:\xampp\htdocs\primeraimpresion\framework\web\CWebApplication.php(282): CController->run('history')
#4 C:\xampp\htdocs\primeraimpresion\framework\web\CWebApplication.php(141): CWebApplication->runController('site/history')
#5 C:\xampp\htdocs\primeraimpresion\framework\base\CApplication.php(185): CWebApplication->processRequest()
#6 C:\xampp\htdocs\primeraimpresion\console\index.php(13): CApplication->run()
#7 {main}
REQUEST_URI=/primeraimpresion/console/index.php?r=site/history
HTTP_REFERER=http://localhost/primeraimpresion/blog.php
---
2019/07/06 22:06:12 [error] [exception.CHttpException.400] CHttpException: Su solicitud es inválida. in C:\xampp\htdocs\primeraimpresion\framework\web\CController.php:336
Stack trace:
#0 C:\xampp\htdocs\primeraimpresion\framework\web\CController.php(309): CController->invalidActionParams(Object(CInlineAction))
#1 C:\xampp\htdocs\primeraimpresion\framework\web\CController.php(286): CController->runAction(Object(CInlineAction))
#2 C:\xampp\htdocs\primeraimpresion\framework\web\CController.php(265): CController->runActionWithFilters(Object(CInlineAction), Array)
#3 C:\xampp\htdocs\primeraimpresion\framework\web\CWebApplication.php(282): CController->run('history')
#4 C:\xampp\htdocs\primeraimpresion\framework\web\CWebApplication.php(141): CWebApplication->runController('site/history')
#5 C:\xampp\htdocs\primeraimpresion\framework\base\CApplication.php(185): CWebApplication->processRequest()
#6 C:\xampp\htdocs\primeraimpresion\console\index.php(13): CApplication->run()
#7 {main}
REQUEST_URI=/primeraimpresion/console/index.php?r=site/history
HTTP_REFERER=http://localhost/primeraimpresion/blog.php
---
